<?xml version="1.0" encoding="UTF-8"?>
<!-- Generated by org.testng.reporters.JUnitReportReporter -->
<testsuite skipped="0" hostname="ZJEH-PC" name="com.test.TestAssignRole" tests="1" failures="0" timestamp="18 一月 2018 08:30:18 GMT" time="0.596" errors="0">
  <testcase name="assignRole" time="0.596" classname="com.test.TestAssignRole"/>
</testsuite> <!-- com.test.TestAssignRole -->
