<?xml version="1.0" encoding="UTF-8"?>
<!-- Generated by org.testng.reporters.JUnitReportReporter -->
<testsuite skipped="0" hostname="ZJEH-PC" name="com.test.TestRoleManagement" tests="1" failures="0" timestamp="18 一月 2018 09:36:33 GMT" time="0.317" errors="0">
  <testcase name="roleManage" time="0.317" classname="com.test.TestRoleManagement"/>
</testsuite> <!-- com.test.TestRoleManagement -->
