<?xml version="1.0" encoding="UTF-8"?>
<!-- Generated by org.testng.reporters.JUnitReportReporter -->
<testsuite skipped="2" hostname="ZJEH-PC" name="com.test.TestSearchRole" tests="2" failures="0" timestamp="18 一月 2018 08:37:55 GMT" time="0.000" errors="0">
  <testcase name="searchByFunc" time="0.000" classname="com.test.TestSearchRole">
    <skipped/>
  </testcase> <!-- searchByFunc -->
  <testcase name="searchByRoleName" time="0.000" classname="com.test.TestSearchRole">
    <skipped/>
  </testcase> <!-- searchByRoleName -->
</testsuite> <!-- com.test.TestSearchRole -->
