<?xml version="1.0" encoding="UTF-8"?>
<!-- Generated by org.testng.reporters.JUnitReportReporter -->
<testsuite skipped="0" hostname="ZJEH-PC" name="com.test.TestLogin" tests="1" failures="0" timestamp="18 一月 2018 08:30:18 GMT" time="0.315" errors="0">
  <testcase name="loginCRM" time="0.315" classname="com.test.TestLogin"/>
</testsuite> <!-- com.test.TestLogin -->
